[debug] [2023-08-01T11:22:52.341Z] ----------------------------------------------------------------------
[debug] [2023-08-01T11:22:52.352Z] Command:       C:\Program Files\nodejs\node.exe C:\Users\acer\AppData\Roaming\npm\node_modules\firebase-tools\lib\bin\firebase.js deploy
[debug] [2023-08-01T11:22:52.355Z] CLI Version:   12.4.6
[debug] [2023-08-01T11:22:52.357Z] Platform:      win32
[debug] [2023-08-01T11:22:52.360Z] Node Version:  v18.16.1
[debug] [2023-08-01T11:22:52.366Z] Time:          Tue Aug 01 2023 12:22:52 GMT+0100 (West Africa Standard Time)
[debug] [2023-08-01T11:22:52.367Z] ----------------------------------------------------------------------
[debug] 
[debug] [2023-08-01T11:22:52.763Z] > command requires scopes: ["email","openid","https://www.googleapis.com/auth/cloudplatformprojects.readonly","https://www.googleapis.com/auth/firebase","https://www.googleapis.com/auth/cloud-platform"]
[debug] [2023-08-01T11:22:52.765Z] > authorizing via signed-in user (emmanuellangufor@gmail.com)
[debug] [2023-08-01T11:22:52.766Z] [iam] checking project charity-site-ef761 for permissions ["firebase.projects.get","firebasehosting.sites.update"]
[debug] [2023-08-01T11:22:52.773Z] >>> [apiv2][query] POST https://cloudresourcemanager.googleapis.com/v1/projects/charity-site-ef761:testIamPermissions [none]
[debug] [2023-08-01T11:22:52.774Z] >>> [apiv2][(partial)header] POST https://cloudresourcemanager.googleapis.com/v1/projects/charity-site-ef761:testIamPermissions x-goog-quota-user=projects/charity-site-ef761
[debug] [2023-08-01T11:22:52.775Z] >>> [apiv2][body] POST https://cloudresourcemanager.googleapis.com/v1/projects/charity-site-ef761:testIamPermissions {"permissions":["firebase.projects.get","firebasehosting.sites.update"]}
[debug] [2023-08-01T11:23:14.032Z] *** [apiv2] error from fetch(https://cloudresourcemanager.googleapis.com/v1/projects/charity-site-ef761:testIamPermissions, {"headers":{},"method":"POST","body":"{\"permissions\":[\"firebase.projects.get\",\"firebasehosting.sites.update\"]}"}): FetchError: request to https://cloudresourcemanager.googleapis.com/v1/projects/charity-site-ef761:testIamPermissions failed, reason: connect ETIMEDOUT 142.250.75.234:443
[debug] [2023-08-01T11:23:14.035Z] [iam] error while checking permissions, command may fail: FirebaseError: Failed to make request to https://cloudresourcemanager.googleapis.com/v1/projects/charity-site-ef761:testIamPermissions
[debug] [2023-08-01T11:23:14.042Z] >>> [apiv2][query] GET https://firebase.googleapis.com/v1beta1/projects/charity-site-ef761 [none]
[debug] [2023-08-01T11:23:15.321Z] <<< [apiv2][status] GET https://firebase.googleapis.com/v1beta1/projects/charity-site-ef761 200
[debug] [2023-08-01T11:23:15.322Z] <<< [apiv2][body] GET https://firebase.googleapis.com/v1beta1/projects/charity-site-ef761 {"projectId":"charity-site-ef761","projectNumber":"749096178968","displayName":"charity-site","name":"projects/charity-site-ef761","resources":{"hostingSite":"charity-site-ef761","realtimeDatabaseInstance":"charity-site-ef761-default-rtdb"},"state":"ACTIVE","etag":"1_0e7922b2-ddd9-4080-ab34-0d52f011121f"}
[info] 
[info] === Deploying to 'charity-site-ef761'...
[info] 
[info] i  deploying hosting 
[debug] [2023-08-01T11:23:15.453Z] >>> [apiv2][query] POST https://firebasehosting.googleapis.com/v1beta1/projects/-/sites/charity-site-ef761/versions [none]
[debug] [2023-08-01T11:23:15.454Z] >>> [apiv2][body] POST https://firebasehosting.googleapis.com/v1beta1/projects/-/sites/charity-site-ef761/versions {"status":"CREATED","labels":{"deployment-tool":"cli-firebase"}}
[debug] [2023-08-01T11:23:17.205Z] <<< [apiv2][status] POST https://firebasehosting.googleapis.com/v1beta1/projects/-/sites/charity-site-ef761/versions 200
[debug] [2023-08-01T11:23:17.205Z] <<< [apiv2][body] POST https://firebasehosting.googleapis.com/v1beta1/projects/-/sites/charity-site-ef761/versions {"name":"projects/749096178968/sites/charity-site-ef761/versions/377c9418d3fc663e","status":"CREATED","config":{},"labels":{"deployment-tool":"cli-firebase"}}
[info] i  hosting[charity-site-ef761]: beginning deploy... 
[info] i  hosting[charity-site-ef761]: found 31 files in build 
[debug] [2023-08-01T11:23:17.552Z] [hosting] uploading with 200 concurrency
[debug] [2023-08-01T11:23:19.705Z] [hosting] hash cache [YnVpbGQ] stored for 31 files
[debug] [2023-08-01T11:23:19.707Z] [hosting][hash queue][FINAL] {"max":1963,"min":7,"avg":1061.967741935484,"active":0,"complete":31,"success":31,"errored":0,"retried":0,"total":31,"elapsed":2017}
[debug] [2023-08-01T11:23:19.714Z] >>> [apiv2][query] POST https://firebasehosting.googleapis.com/v1beta1/projects/749096178968/sites/charity-site-ef761/versions/377c9418d3fc663e:populateFiles [none]
[debug] [2023-08-01T11:23:19.716Z] >>> [apiv2][body] POST https://firebasehosting.googleapis.com/v1beta1/projects/749096178968/sites/charity-site-ef761/versions/377c9418d3fc663e:populateFiles {"files":{"/404.html":"daa499dd96d8229e73235345702ba32f0793f0c8e5c0d30e40e37a5872be57aa","/videos/round-hands.mp4":"060abd806a418e07c69364f873c3a3616d83f73f10afc5af83859da8079b0753","/asset-manifest.json":"f6c690c9f302176200d1ac4cbcb951225266e23fd020b4a1fbc6dee46105adfc","/index.html":"6389b9dea3a0ce18515ba800be85190aaacd23d9bdc0afbdb35b2f243cd04038","/static/js/main.db1f0ac3.js.LICENSE.txt":"3daaa67197a99559498f9dd1b84fda711b1037023b8ab55e47f3c3d0cd9163d0","/static/media/crippled-dad-kids.969ee44c54a79df0cf81.jpg":"31d794011ce5246fea3f6bd975ab358ae05380cbba461f3da6a6ac4db7060fac","/static/media/fa-v4compatibility.0e3a648be390bd8cb094.ttf":"ed9b0547d420749d20d18b3c09b2bfa94d9456279365184f19ab62b3fb648df2","/static/media/fa-v4compatibility.68577e40f3e70067b5da.woff2":"cd14d663609b5d1829fc42299c2c7f4d87c347a588a17f9b07e41f21d8a23383","/static/media/house.2ade301825d52f5a5b21.jpg":"2df40c67619a1b093032a8007870c33a56d443f3496e6c99e2a896a5335b8e4d","/static/media/patinum.fa7579f3d6856aa51b06.jpg":"e6d14a99e853e459e665bfdae91577e44fb0e025b66faad51749239963d1a6d1","/static/media/united-logo.4213485b01b8766df03d.png":"5a6fb626947acf3dd2960e9e2fa486389e63cb2308c9171ca3ed6a72956e6f84","/static/media/fa-regular-400.3223dc79c1adee56370b.woff2":"c7cade12f8323feb4c2b6c1f6a71aa302aa71e82dc0e7e19ea319959b7f7b0f5","/static/media/fa-regular-400.d87474231f4192884802.ttf":"001c629a2476cc04d8ca2ca945353e48d8a09e368c563bc4048a094a2b3eac8a","/static/media/Round Hands Design Logo .45cc9da3b80daf7a7b59.jpg":"803c19b44b15ea10d64dc35090e400eb2a6111144989de1ba03dd2e22e7f3d61","/static/media/american-flag.c19a9e1fb3594e32ad43.webp":"813a2eb724464c37aab9b6d103df480256ba9d8f0aaf32cb286283feb1b87ef6","/static/media/family-impact.6c8d758b37868b43ab17.jpg":"25cb7081f53ff7623ee0350ee3731fe60776a3ea78bbb163c340d58a270a3ef4","/static/media/us-two.2cb05eca97af91dc5a6e.jpg":"5e08cd3e2a14f6218a766e456a44a7d942f1610ad46b10ea694c60b55d908a3f","/static/css/main.74602951.css":"25a502c06c8e8cee421575d40d613ceca74eada0e0f4369b218c0578cdb2cebe","/static/css/main.74602951.css.map":"1bd99791da8de82422221def5aeed8628066b9387104797ac9c9b9bf9e5d3f95","/static/media/us1.b972b631cf18bd2a85dd.jpg":"07f53aedeb52f3d4dd263b8f2707ab4d1acb5761c006fa40a79ac3c243d9382b","/static/media/fa-brands-400.e033a13ee751afc1860c.woff2":"0d79990d2b8c0e1eaddbc511ab1a6bdeace580a4e908c13635d2a71af2bdc79d","/static/media/two-men-down.5e35db2b29b236bfe0dd.jpg":"0d919940eb5fb7022e991d745c168694ea449887d37c78352a344a3b1fb17ffa","/static/media/crippled-staffs.27f2c1b5de7c954eaa99.jpg":"875525395da7a66921e80d0b80f2ef0e9070a1797b38bb67ee4e06efef7e3c80","/static/media/fa-brands-400.150de8eaa454d669c405.ttf":"876ae94a6a46e86b43e4d773912ca51ef751664bbf30dbbaf266b0be91fe1f4a","/static/media/fa-solid-900.bb975c966c37455a1bc3.woff2":"a455cc71530efd3124548b1f182e743f69274f53bd6f70618386976203a0cc26","/static/js/main.db1f0ac3.js":"7fb3e1b50d1ee98a2dc586a47c2313395a41fa26cdebb72fa03fe4525d6a8617","/static/media/old-military-eating.daf01a3f947f421c9583.jpg":"f6629a9b2f254998c5c39d861beeae7277b69cb874247b95e3d94b1e36680049","/static/media/fa-solid-900.4a2cd718d7031b732e76.ttf":"227a27a04c6ea4b776bfe99ed488c652c9fc109bac72f2afa5211199e0d460d7","/static/media/oldpa-daughter.f599869b6c09c5c782e4.jpg":"3cf05860e80758be7cc635e2fb65658e0d40dd6205c9a50575ed7192a4513bb4","/static/js/main.db1f0ac3.js.map":"5d85171f3ec593e5b20dc529858695dd593ec75803ff1208ee5d07a0af845c31","/static/media/military-playing.6f92c570f9d846cdb9f5.jpg":"50b8c9e4f53d1a460300bcb92530f19df33c4658f176affe229f9a57a7cd486c"}}
[debug] [2023-08-01T11:23:41.116Z] *** [apiv2] error from fetch(https://firebasehosting.googleapis.com/v1beta1/projects/749096178968/sites/charity-site-ef761/versions/377c9418d3fc663e:populateFiles, {"headers":{},"method":"POST","body":"{\"files\":{\"/404.html\":\"daa499dd96d8229e73235345702ba32f0793f0c8e5c0d30e40e37a5872be57aa\",\"/videos/round-hands.mp4\":\"060abd806a418e07c69364f873c3a3616d83f73f10afc5af83859da8079b0753\",\"/asset-manifest.json\":\"f6c690c9f302176200d1ac4cbcb951225266e23fd020b4a1fbc6dee46105adfc\",\"/index.html\":\"6389b9dea3a0ce18515ba800be85190aaacd23d9bdc0afbdb35b2f243cd04038\",\"/static/js/main.db1f0ac3.js.LICENSE.txt\":\"3daaa67197a99559498f9dd1b84fda711b1037023b8ab55e47f3c3d0cd9163d0\",\"/static/media/crippled-dad-kids.969ee44c54a79df0cf81.jpg\":\"31d794011ce5246fea3f6bd975ab358ae05380cbba461f3da6a6ac4db7060fac\",\"/static/media/fa-v4compatibility.0e3a648be390bd8cb094.ttf\":\"ed9b0547d420749d20d18b3c09b2bfa94d9456279365184f19ab62b3fb648df2\",\"/static/media/fa-v4compatibility.68577e40f3e70067b5da.woff2\":\"cd14d663609b5d1829fc42299c2c7f4d87c347a588a17f9b07e41f21d8a23383\",\"/static/media/house.2ade301825d52f5a5b21.jpg\":\"2df40c67619a1b093032a8007870c33a56d443f3496e6c99e2a896a5335b8e4d\",\"/static/media/patinum.fa7579f3d6856aa51b06.jpg\":\"e6d14a99e853e459e665bfdae91577e44fb0e025b66faad51749239963d1a6d1\",\"/static/media/united-logo.4213485b01b8766df03d.png\":\"5a6fb626947acf3dd2960e9e2fa486389e63cb2308c9171ca3ed6a72956e6f84\",\"/static/media/fa-regular-400.3223dc79c1adee56370b.woff2\":\"c7cade12f8323feb4c2b6c1f6a71aa302aa71e82dc0e7e19ea319959b7f7b0f5\",\"/static/media/fa-regular-400.d87474231f4192884802.ttf\":\"001c629a2476cc04d8ca2ca945353e48d8a09e368c563bc4048a094a2b3eac8a\",\"/static/media/Round Hands Design Logo .45cc9da3b80daf7a7b59.jpg\":\"803c19b44b15ea10d64dc35090e400eb2a6111144989de1ba03dd2e22e7f3d61\",\"/static/media/american-flag.c19a9e1fb3594e32ad43.webp\":\"813a2eb724464c37aab9b6d103df480256ba9d8f0aaf32cb286283feb1b87ef6\",\"/static/media/family-impact.6c8d758b37868b43ab17.jpg\":\"25cb7081f53ff7623ee0350ee3731fe60776a3ea78bbb163c340d58a270a3ef4\",\"/static/media/us-two.2cb05eca97af91dc5a6e.jpg\":\"5e08cd3e2a14f6218a766e456a44a7d942f1610ad46b10ea694c60b55d908a3f\",\"/static/css/main.74602951.css\":\"25a502c06c8e8cee421575d40d613ceca74eada0e0f4369b218c0578cdb2cebe\",\"/static/css/main.74602951.css.map\":\"1bd99791da8de82422221def5aeed8628066b9387104797ac9c9b9bf9e5d3f95\",\"/static/media/us1.b972b631cf18bd2a85dd.jpg\":\"07f53aedeb52f3d4dd263b8f2707ab4d1acb5761c006fa40a79ac3c243d9382b\",\"/static/media/fa-brands-400.e033a13ee751afc1860c.woff2\":\"0d79990d2b8c0e1eaddbc511ab1a6bdeace580a4e908c13635d2a71af2bdc79d\",\"/static/media/two-men-down.5e35db2b29b236bfe0dd.jpg\":\"0d919940eb5fb7022e991d745c168694ea449887d37c78352a344a3b1fb17ffa\",\"/static/media/crippled-staffs.27f2c1b5de7c954eaa99.jpg\":\"875525395da7a66921e80d0b80f2ef0e9070a1797b38bb67ee4e06efef7e3c80\",\"/static/media/fa-brands-400.150de8eaa454d669c405.ttf\":\"876ae94a6a46e86b43e4d773912ca51ef751664bbf30dbbaf266b0be91fe1f4a\",\"/static/media/fa-solid-900.bb975c966c37455a1bc3.woff2\":\"a455cc71530efd3124548b1f182e743f69274f53bd6f70618386976203a0cc26\",\"/static/js/main.db1f0ac3.js\":\"7fb3e1b50d1ee98a2dc586a47c2313395a41fa26cdebb72fa03fe4525d6a8617\",\"/static/media/old-military-eating.daf01a3f947f421c9583.jpg\":\"f6629a9b2f254998c5c39d861beeae7277b69cb874247b95e3d94b1e36680049\",\"/static/media/fa-solid-900.4a2cd718d7031b732e76.ttf\":\"227a27a04c6ea4b776bfe99ed488c652c9fc109bac72f2afa5211199e0d460d7\",\"/static/media/oldpa-daughter.f599869b6c09c5c782e4.jpg\":\"3cf05860e80758be7cc635e2fb65658e0d40dd6205c9a50575ed7192a4513bb4\",\"/static/js/main.db1f0ac3.js.map\":\"5d85171f3ec593e5b20dc529858695dd593ec75803ff1208ee5d07a0af845c31\",\"/static/media/military-playing.6f92c570f9d846cdb9f5.jpg\":\"50b8c9e4f53d1a460300bcb92530f19df33c4658f176affe229f9a57a7cd486c\"}}"}): FetchError: request to https://firebasehosting.googleapis.com/v1beta1/projects/749096178968/sites/charity-site-ef761/versions/377c9418d3fc663e:populateFiles failed, reason: connect ETIMEDOUT 142.250.179.106:443
[debug] [2023-08-01T11:23:41.569Z] [populateQueue] Retrying task index 0
[debug] [2023-08-01T11:23:41.571Z] >>> [apiv2][query] POST https://firebasehosting.googleapis.com/v1beta1/projects/749096178968/sites/charity-site-ef761/versions/377c9418d3fc663e:populateFiles [none]
[debug] [2023-08-01T11:23:41.572Z] >>> [apiv2][body] POST https://firebasehosting.googleapis.com/v1beta1/projects/749096178968/sites/charity-site-ef761/versions/377c9418d3fc663e:populateFiles {"files":{"/404.html":"daa499dd96d8229e73235345702ba32f0793f0c8e5c0d30e40e37a5872be57aa","/videos/round-hands.mp4":"060abd806a418e07c69364f873c3a3616d83f73f10afc5af83859da8079b0753","/asset-manifest.json":"f6c690c9f302176200d1ac4cbcb951225266e23fd020b4a1fbc6dee46105adfc","/index.html":"6389b9dea3a0ce18515ba800be85190aaacd23d9bdc0afbdb35b2f243cd04038","/static/js/main.db1f0ac3.js.LICENSE.txt":"3daaa67197a99559498f9dd1b84fda711b1037023b8ab55e47f3c3d0cd9163d0","/static/media/crippled-dad-kids.969ee44c54a79df0cf81.jpg":"31d794011ce5246fea3f6bd975ab358ae05380cbba461f3da6a6ac4db7060fac","/static/media/fa-v4compatibility.0e3a648be390bd8cb094.ttf":"ed9b0547d420749d20d18b3c09b2bfa94d9456279365184f19ab62b3fb648df2","/static/media/fa-v4compatibility.68577e40f3e70067b5da.woff2":"cd14d663609b5d1829fc42299c2c7f4d87c347a588a17f9b07e41f21d8a23383","/static/media/house.2ade301825d52f5a5b21.jpg":"2df40c67619a1b093032a8007870c33a56d443f3496e6c99e2a896a5335b8e4d","/static/media/patinum.fa7579f3d6856aa51b06.jpg":"e6d14a99e853e459e665bfdae91577e44fb0e025b66faad51749239963d1a6d1","/static/media/united-logo.4213485b01b8766df03d.png":"5a6fb626947acf3dd2960e9e2fa486389e63cb2308c9171ca3ed6a72956e6f84","/static/media/fa-regular-400.3223dc79c1adee56370b.woff2":"c7cade12f8323feb4c2b6c1f6a71aa302aa71e82dc0e7e19ea319959b7f7b0f5","/static/media/fa-regular-400.d87474231f4192884802.ttf":"001c629a2476cc04d8ca2ca945353e48d8a09e368c563bc4048a094a2b3eac8a","/static/media/Round Hands Design Logo .45cc9da3b80daf7a7b59.jpg":"803c19b44b15ea10d64dc35090e400eb2a6111144989de1ba03dd2e22e7f3d61","/static/media/american-flag.c19a9e1fb3594e32ad43.webp":"813a2eb724464c37aab9b6d103df480256ba9d8f0aaf32cb286283feb1b87ef6","/static/media/family-impact.6c8d758b37868b43ab17.jpg":"25cb7081f53ff7623ee0350ee3731fe60776a3ea78bbb163c340d58a270a3ef4","/static/media/us-two.2cb05eca97af91dc5a6e.jpg":"5e08cd3e2a14f6218a766e456a44a7d942f1610ad46b10ea694c60b55d908a3f","/static/css/main.74602951.css":"25a502c06c8e8cee421575d40d613ceca74eada0e0f4369b218c0578cdb2cebe","/static/css/main.74602951.css.map":"1bd99791da8de82422221def5aeed8628066b9387104797ac9c9b9bf9e5d3f95","/static/media/us1.b972b631cf18bd2a85dd.jpg":"07f53aedeb52f3d4dd263b8f2707ab4d1acb5761c006fa40a79ac3c243d9382b","/static/media/fa-brands-400.e033a13ee751afc1860c.woff2":"0d79990d2b8c0e1eaddbc511ab1a6bdeace580a4e908c13635d2a71af2bdc79d","/static/media/two-men-down.5e35db2b29b236bfe0dd.jpg":"0d919940eb5fb7022e991d745c168694ea449887d37c78352a344a3b1fb17ffa","/static/media/crippled-staffs.27f2c1b5de7c954eaa99.jpg":"875525395da7a66921e80d0b80f2ef0e9070a1797b38bb67ee4e06efef7e3c80","/static/media/fa-brands-400.150de8eaa454d669c405.ttf":"876ae94a6a46e86b43e4d773912ca51ef751664bbf30dbbaf266b0be91fe1f4a","/static/media/fa-solid-900.bb975c966c37455a1bc3.woff2":"a455cc71530efd3124548b1f182e743f69274f53bd6f70618386976203a0cc26","/static/js/main.db1f0ac3.js":"7fb3e1b50d1ee98a2dc586a47c2313395a41fa26cdebb72fa03fe4525d6a8617","/static/media/old-military-eating.daf01a3f947f421c9583.jpg":"f6629a9b2f254998c5c39d861beeae7277b69cb874247b95e3d94b1e36680049","/static/media/fa-solid-900.4a2cd718d7031b732e76.ttf":"227a27a04c6ea4b776bfe99ed488c652c9fc109bac72f2afa5211199e0d460d7","/static/media/oldpa-daughter.f599869b6c09c5c782e4.jpg":"3cf05860e80758be7cc635e2fb65658e0d40dd6205c9a50575ed7192a4513bb4","/static/js/main.db1f0ac3.js.map":"5d85171f3ec593e5b20dc529858695dd593ec75803ff1208ee5d07a0af845c31","/static/media/military-playing.6f92c570f9d846cdb9f5.jpg":"50b8c9e4f53d1a460300bcb92530f19df33c4658f176affe229f9a57a7cd486c"}}
[debug] [2023-08-01T11:23:43.538Z] <<< [apiv2][status] POST https://firebasehosting.googleapis.com/v1beta1/projects/749096178968/sites/charity-site-ef761/versions/377c9418d3fc663e:populateFiles 200
[debug] [2023-08-01T11:23:43.538Z] <<< [apiv2][body] POST https://firebasehosting.googleapis.com/v1beta1/projects/749096178968/sites/charity-site-ef761/versions/377c9418d3fc663e:populateFiles {"uploadUrl":"https://upload-firebasehosting.googleapis.com/upload/sites/charity-site-ef761/versions/377c9418d3fc663e/files"}
[debug] [2023-08-01T11:23:43.539Z] [hosting][populate queue][FINAL] {"max":1969,"min":1969,"avg":1969,"active":0,"complete":1,"success":1,"errored":0,"retried":1,"total":1,"elapsed":23841}
[debug] [2023-08-01T11:23:43.539Z] [hosting] uploads queued: 0
[debug] [2023-08-01T11:23:43.540Z] [hosting][upload queue][FINAL] {"max":0,"min":9999999999,"avg":0,"active":0,"complete":0,"success":0,"errored":0,"retried":0,"total":0,"elapsed":1690889023540}
[info] +  hosting[charity-site-ef761]: file upload complete 
[debug] [2023-08-01T11:23:43.548Z] [hosting] deploy completed after 26331ms
[debug] [2023-08-01T11:23:43.549Z] [
  {
    "config": {
      "public": "build",
      "ignore": [
        "firebase.json",
        "**/.*",
        "**/node_modules/**"
      ],
      "site": "charity-site-ef761"
    },
    "version": "projects/749096178968/sites/charity-site-ef761/versions/377c9418d3fc663e"
  }
]
[info] i  hosting[charity-site-ef761]: finalizing version... 
[debug] [2023-08-01T11:23:43.558Z] >>> [apiv2][query] PATCH https://firebasehosting.googleapis.com/v1beta1/projects/-/sites/charity-site-ef761/versions/377c9418d3fc663e updateMask=status%2Cconfig
[debug] [2023-08-01T11:23:43.559Z] >>> [apiv2][body] PATCH https://firebasehosting.googleapis.com/v1beta1/projects/-/sites/charity-site-ef761/versions/377c9418d3fc663e {"status":"FINALIZED","config":{}}
[debug] [2023-08-01T11:23:44.900Z] <<< [apiv2][status] PATCH https://firebasehosting.googleapis.com/v1beta1/projects/-/sites/charity-site-ef761/versions/377c9418d3fc663e 200
[debug] [2023-08-01T11:23:44.900Z] <<< [apiv2][body] PATCH https://firebasehosting.googleapis.com/v1beta1/projects/-/sites/charity-site-ef761/versions/377c9418d3fc663e {"name":"projects/749096178968/sites/charity-site-ef761/versions/377c9418d3fc663e","status":"FINALIZED","config":{},"labels":{"deployment-tool":"cli-firebase"},"createTime":"2023-08-01T11:23:16.769630Z","createUser":{"email":"emmanuellangufor@gmail.com"},"finalizeTime":"2023-08-01T11:23:44.681761Z","finalizeUser":{"email":"emmanuellangufor@gmail.com"}}
[debug] [2023-08-01T11:23:44.900Z] [hosting] finalized version for charity-site-ef761:[object Object]
[info] +  hosting[charity-site-ef761]: version finalized 
[info] i  hosting[charity-site-ef761]: releasing new version... 
[debug] [2023-08-01T11:23:44.907Z] >>> [apiv2][query] POST https://firebasehosting.googleapis.com/v1beta1/projects/-/sites/charity-site-ef761/channels/live/releases versionName=projects%2F749096178968%2Fsites%2Fcharity-site-ef761%2Fversions%2F377c9418d3fc663e
[debug] [2023-08-01T11:23:44.909Z] >>> [apiv2][body] POST https://firebasehosting.googleapis.com/v1beta1/projects/-/sites/charity-site-ef761/channels/live/releases {}
[debug] [2023-08-01T11:24:05.965Z] *** [apiv2] error from fetch(https://firebasehosting.googleapis.com/v1beta1/projects/-/sites/charity-site-ef761/channels/live/releases?versionName=projects%2F749096178968%2Fsites%2Fcharity-site-ef761%2Fversions%2F377c9418d3fc663e, {"headers":{},"method":"POST","body":"{}"}): FetchError: request to https://firebasehosting.googleapis.com/v1beta1/projects/-/sites/charity-site-ef761/channels/live/releases?versionName=projects%2F749096178968%2Fsites%2Fcharity-site-ef761%2Fversions%2F377c9418d3fc663e failed, reason: connect ETIMEDOUT 142.250.179.106:443
[debug] [2023-08-01T11:24:10.988Z] Error: Timed out.
    at Timeout._onTimeout (C:\Users\acer\AppData\Roaming\npm\node_modules\firebase-tools\lib\utils.js:254:49)
    at listOnTimeout (node:internal/timers:569:17)
    at process.processTimers (node:internal/timers:512:7)
[error] 
[error] Error: An unexpected error has occurred.
